2025-06-04 23:33:17 [main] INFO  com.ecommerce.utility.Log - Loading configuration properties...
2025-06-04 23:33:17 [main] INFO  com.ecommerce.utility.Log - Loaded configuration properties.
2025-06-04 23:33:17 [main] INFO  com.ecommerce.utility.Log - === START SUITE === Automation Test Suite Started
2025-06-04 23:33:17 [main] INFO  com.ecommerce.utility.Log - Launching browser: Chrome
2025-06-04 23:33:39 [main] INFO  com.ecommerce.utility.Log - Navigated to: https://www.automationexercise.com/
2025-06-04 23:33:39 [main] INFO  com.ecommerce.testcases.CartTest - ===== Starting Test: addMultipleProductsToCartTest =====
2025-06-04 23:33:39 [main] DEBUG com.ecommerce.testcases.CartTest - Page title: Automation Exercise
2025-06-04 23:33:39 [main] INFO  com.ecommerce.testcases.CartTest - Step 1 passed: Home page loaded successfully.
2025-06-04 23:33:39 [main] DEBUG com.ecommerce.testcases.CartTest - AddToCartPage object instantiated.
2025-06-04 23:33:58 [main] INFO  com.ecommerce.utility.Log - Clicked on element: [[ChromeDriver: chrome on mac (5c9fd6c36895f4887556187503022ee2)] -> xpath: //a[@href='/products']]
2025-06-04 23:33:58 [main] INFO  com.ecommerce.pageobjects.CartPage - Clicked on Products button.
2025-06-04 23:33:58 [main] INFO  com.ecommerce.testcases.CartTest - Clicked on Products button.
2025-06-04 23:33:58 [main] DEBUG com.ecommerce.testcases.CartTest - Current URL: https://www.automationexercise.com/products
2025-06-04 23:33:58 [main] INFO  com.ecommerce.testcases.CartTest - Step 2 passed: Navigated to Products page successfully.
2025-06-04 23:33:59 [main] INFO  com.ecommerce.utility.Log - Mouse hovered on element
2025-06-04 23:33:59 [main] INFO  com.ecommerce.utility.Log - JS Clicked element
2025-06-04 23:33:59 [main] INFO  com.ecommerce.pageobjects.CartPage - First product added to cart.
2025-06-04 23:33:59 [main] INFO  com.ecommerce.testcases.CartTest - Step 3 passed: First product added to cart.
2025-06-04 23:34:00 [main] INFO  com.ecommerce.utility.Log - Clicked on element: [[ChromeDriver: chrome on mac (5c9fd6c36895f4887556187503022ee2)] -> xpath: //button[text()='Continue Shopping']]
2025-06-04 23:34:00 [main] INFO  com.ecommerce.pageobjects.CartPage - Clicked on Continue Shopping button.
2025-06-04 23:34:00 [main] INFO  com.ecommerce.testcases.CartTest - Step 4 passed: Clicked Continue Shopping.
2025-06-04 23:34:00 [main] INFO  com.ecommerce.utility.Log - Mouse hovered on element
2025-06-04 23:34:00 [main] INFO  com.ecommerce.utility.Log - JS Clicked element
2025-06-04 23:34:00 [main] INFO  com.ecommerce.pageobjects.CartPage - Second product added to cart.
2025-06-04 23:34:00 [main] INFO  com.ecommerce.testcases.CartTest - Step 5 passed: Second product added to cart.
2025-06-04 23:34:15 [main] INFO  com.ecommerce.utility.Log - Clicked on element: Proxy element for: DefaultElementLocator 'By.xpath: //u[text()='View Cart']'
2025-06-04 23:34:15 [main] INFO  com.ecommerce.pageobjects.CartPage - Clicked on View Cart button.
2025-06-04 23:34:15 [main] INFO  com.ecommerce.testcases.CartTest - Step 6 passed: Clicked View Cart.
2025-06-04 23:34:15 [main] INFO  com.ecommerce.pageobjects.CartPage - Retrieved list of cart products. Count: 2
2025-06-04 23:34:16 [main] DEBUG com.ecommerce.testcases.CartTest - Number of products in cart: 2
2025-06-04 23:34:16 [main] INFO  com.ecommerce.testcases.CartTest - Step 7 passed: Verified both products are added to cart.
2025-06-04 23:34:16 [main] INFO  com.ecommerce.pageobjects.CartPage - Retrieved product prices from cart.
2025-06-04 23:34:16 [main] INFO  com.ecommerce.pageobjects.CartPage - Retrieved product quantities from cart.
2025-06-04 23:34:16 [main] INFO  com.ecommerce.pageobjects.CartPage - Retrieved total prices from cart.
2025-06-04 23:34:16 [main] DEBUG com.ecommerce.testcases.CartTest - Product 1: Price = 500, Quantity = 1, Total = 500
2025-06-04 23:34:16 [main] DEBUG com.ecommerce.testcases.CartTest - Product 2: Price = 400, Quantity = 1, Total = 400
2025-06-04 23:34:16 [main] INFO  com.ecommerce.testcases.CartTest - Step 8 passed: Verified prices, quantities, and total prices for all products.
2025-06-04 23:34:16 [main] INFO  com.ecommerce.testcases.CartTest - ===== Test Passed: addMultipleProductsToCartTest =====
2025-06-04 23:34:16 [main] INFO  com.ecommerce.utility.Log - Closing browser...
2025-06-04 23:34:16 [main] INFO  com.ecommerce.utility.Log - Launching browser: Chrome
2025-06-04 23:34:29 [main] INFO  com.ecommerce.utility.Log - Navigated to: https://www.automationexercise.com/
2025-06-04 23:34:29 [main] INFO  com.ecommerce.testcases.CartTest - ===== Starting Test: verifyProductQuantityInCartTest =====
2025-06-04 23:34:29 [main] DEBUG com.ecommerce.testcases.CartTest - Page title: Automation Exercise
2025-06-04 23:34:29 [main] INFO  com.ecommerce.testcases.CartTest - Step 1 passed: Home page loaded successfully.
2025-06-04 23:34:30 [main] ERROR com.ecommerce.utility.Log - Click failed on element: [[ChromeDriver: chrome on mac (0bc688dc739e89190a4b8abeea8fece7)] -> xpath: //a[@href='/product_details/1']]
org.openqa.selenium.ElementClickInterceptedException: element click intercepted: Element <a href="/product_details/1" style="color: brown;">...</a> is not clickable at point (826, 823). Other element would receive the click: <iframe id="aswift_2" name="aswift_2" browsingtopics="true" style="width: 728px !important; height: 90px !important; display: block; margin: 0px auto;" sandbox="allow-forms allow-popups allow-popups-to-escape-sandbox allow-same-origin allow-scripts allow-top-navigation-by-user-activation" width="728" height="90" frameborder="0" marginwidth="0" marginheight="0" vspace="0" hspace="0" allowtransparency="true" scrolling="no" allow="attribution-reporting; run-ad-auction" src="https://googleads.g.doubleclick.net/pagead/html/r20250603/r20190131/zrt_lookup_fy2021.html#RS-0-&amp;adk=1812271801&amp;client=ca-pub-1677597403311019&amp;fa=1&amp;ifi=3&amp;uci=a!3&amp;btvi=2" data-google-container-id="a!3" tabindex="0" title="Advertisement" aria-label="Advertisement" data-google-query-id="CInd4Jut2I0DFXiJZgIdqscnEg" data-load-complete="true"></iframe>
  (Session info: chrome=137.0.7151.56)
Build info: version: '4.19.1', revision: 'abe0ee07dc'
System info: os.name: 'Mac OS X', os.arch: 'aarch64', os.version: '14.6.1', java.version: '17.0.13'
Driver info: org.openqa.selenium.chrome.ChromeDriver
Command: [0bc688dc739e89190a4b8abeea8fece7, clickElement {id=f.F966788D5D670A881CB05EE4DE6FD5CC.d.67A4DD0CDF92B897D2381543FF4C49F4.e.115}]
Capabilities {acceptInsecureCerts: false, browserName: chrome, browserVersion: 137.0.7151.56, chrome: {chromedriverVersion: 137.0.7151.68 (2989ffee9373..., userDataDir: /var/folders/mx/yg_pnps952g...}, fedcm:accounts: true, goog:chromeOptions: {debuggerAddress: localhost:53398}, networkConnectionEnabled: false, pageLoadStrategy: normal, platformName: mac, proxy: Proxy(), se:cdp: ws://localhost:53398/devtoo..., se:cdpVersion: 137.0.7151.56, setWindowRect: true, strictFileInteractability: false, timeouts: {implicit: 0, pageLoad: 300000, script: 30000}, unhandledPromptBehavior: dismiss and notify, webauthn:extension:credBlob: true, webauthn:extension:largeBlob: true, webauthn:extension:minPinLength: true, webauthn:extension:prf: true, webauthn:virtualAuthenticators: true}
Element: [[ChromeDriver: chrome on mac (0bc688dc739e89190a4b8abeea8fece7)] -> xpath: //a[@href='/product_details/1']]
Session ID: 0bc688dc739e89190a4b8abeea8fece7
	at jdk.internal.reflect.NativeConstructorAccessorImpl.newInstance0(Native Method) ~[?:?]
	at jdk.internal.reflect.NativeConstructorAccessorImpl.newInstance(NativeConstructorAccessorImpl.java:77) ~[?:?]
	at jdk.internal.reflect.DelegatingConstructorAccessorImpl.newInstance(DelegatingConstructorAccessorImpl.java:45) ~[?:?]
	at java.lang.reflect.Constructor.newInstanceWithCaller(Constructor.java:499) ~[?:?]
	at java.lang.reflect.Constructor.newInstance(Constructor.java:480) ~[?:?]
	at org.openqa.selenium.remote.ErrorCodec.decode(ErrorCodec.java:167) ~[selenium-remote-driver-4.19.1.jar:?]
	at org.openqa.selenium.remote.codec.w3c.W3CHttpResponseCodec.decode(W3CHttpResponseCodec.java:138) ~[selenium-remote-driver-4.19.1.jar:?]
	at org.openqa.selenium.remote.codec.w3c.W3CHttpResponseCodec.decode(W3CHttpResponseCodec.java:50) ~[selenium-remote-driver-4.19.1.jar:?]
	at org.openqa.selenium.remote.HttpCommandExecutor.execute(HttpCommandExecutor.java:190) ~[selenium-remote-driver-4.19.1.jar:?]
	at org.openqa.selenium.remote.service.DriverCommandExecutor.invokeExecute(DriverCommandExecutor.java:216) ~[selenium-remote-driver-4.19.1.jar:?]
	at org.openqa.selenium.remote.service.DriverCommandExecutor.execute(DriverCommandExecutor.java:174) ~[selenium-remote-driver-4.19.1.jar:?]
	at org.openqa.selenium.remote.RemoteWebDriver.execute(RemoteWebDriver.java:518) ~[selenium-remote-driver-4.19.1.jar:?]
	at org.openqa.selenium.remote.RemoteWebElement.execute(RemoteWebElement.java:223) ~[selenium-remote-driver-4.19.1.jar:?]
	at org.openqa.selenium.remote.RemoteWebElement.click(RemoteWebElement.java:76) ~[selenium-remote-driver-4.19.1.jar:?]
	at jdk.internal.reflect.NativeMethodAccessorImpl.invoke0(Native Method) ~[?:?]
	at jdk.internal.reflect.NativeMethodAccessorImpl.invoke(NativeMethodAccessorImpl.java:77) ~[?:?]
	at jdk.internal.reflect.DelegatingMethodAccessorImpl.invoke(DelegatingMethodAccessorImpl.java:43) ~[?:?]
	at java.lang.reflect.Method.invoke(Method.java:568) ~[?:?]
	at org.openqa.selenium.support.pagefactory.internal.LocatingElementHandler.invoke(LocatingElementHandler.java:51) ~[selenium-support-4.19.1.jar:?]
	at jdk.proxy2.$Proxy31.click(Unknown Source) ~[?:?]
	at com.ecommerce.actiondriver.Action.click(Action.java:30) ~[classes/:?]
	at com.ecommerce.pageobjects.CartPage.clickViewProduct(CartPage.java:210) ~[classes/:?]
	at com.ecommerce.testcases.CartTest.verifyProductQuantityInCartTest(CartTest.java:130) ~[test-classes/:?]
	at jdk.internal.reflect.NativeMethodAccessorImpl.invoke0(Native Method) ~[?:?]
	at jdk.internal.reflect.NativeMethodAccessorImpl.invoke(NativeMethodAccessorImpl.java:77) ~[?:?]
	at jdk.internal.reflect.DelegatingMethodAccessorImpl.invoke(DelegatingMethodAccessorImpl.java:43) ~[?:?]
	at java.lang.reflect.Method.invoke(Method.java:568) ~[?:?]
	at org.testng.internal.invokers.MethodInvocationHelper.invokeMethod(MethodInvocationHelper.java:141) ~[testng-7.10.2.jar:7.10.2]
	at org.testng.internal.invokers.TestInvoker.invokeMethod(TestInvoker.java:686) ~[testng-7.10.2.jar:7.10.2]
	at org.testng.internal.invokers.TestInvoker.invokeTestMethod(TestInvoker.java:230) ~[testng-7.10.2.jar:7.10.2]
	at org.testng.internal.invokers.MethodRunner.runInSequence(MethodRunner.java:63) ~[testng-7.10.2.jar:7.10.2]
	at org.testng.internal.invokers.TestInvoker$MethodInvocationAgent.invoke(TestInvoker.java:992) ~[testng-7.10.2.jar:7.10.2]
	at org.testng.internal.invokers.TestInvoker.invokeTestMethods(TestInvoker.java:203) ~[testng-7.10.2.jar:7.10.2]
	at org.testng.internal.invokers.TestMethodWorker.invokeTestMethods(TestMethodWorker.java:154) ~[testng-7.10.2.jar:7.10.2]
	at org.testng.internal.invokers.TestMethodWorker.run(TestMethodWorker.java:134) ~[testng-7.10.2.jar:7.10.2]
	at java.util.ArrayList.forEach(ArrayList.java:1511) [?:?]
	at org.testng.TestRunner.privateRun(TestRunner.java:739) [testng-7.10.2.jar:7.10.2]
	at org.testng.TestRunner.run(TestRunner.java:614) [testng-7.10.2.jar:7.10.2]
	at org.testng.SuiteRunner.runTest(SuiteRunner.java:421) [testng-7.10.2.jar:7.10.2]
	at org.testng.SuiteRunner.runSequentially(SuiteRunner.java:413) [testng-7.10.2.jar:7.10.2]
	at org.testng.SuiteRunner.privateRun(SuiteRunner.java:373) [testng-7.10.2.jar:7.10.2]
	at org.testng.SuiteRunner.run(SuiteRunner.java:312) [testng-7.10.2.jar:7.10.2]
	at org.testng.SuiteRunnerWorker.runSuite(SuiteRunnerWorker.java:52) [testng-7.10.2.jar:7.10.2]
	at org.testng.SuiteRunnerWorker.run(SuiteRunnerWorker.java:95) [testng-7.10.2.jar:7.10.2]
	at org.testng.TestNG.runSuitesSequentially(TestNG.java:1274) [testng-7.10.2.jar:7.10.2]
	at org.testng.TestNG.runSuitesLocally(TestNG.java:1208) [testng-7.10.2.jar:7.10.2]
	at org.testng.TestNG.runSuites(TestNG.java:1112) [testng-7.10.2.jar:7.10.2]
	at org.testng.TestNG.run(TestNG.java:1079) [testng-7.10.2.jar:7.10.2]
	at org.testng.remote.AbstractRemoteTestNG.run(AbstractRemoteTestNG.java:115) [testng-remote.jar:?]
	at org.testng.remote.RemoteTestNG.initAndRun(RemoteTestNG.java:293) [testng-remote.jar:?]
	at org.testng.remote.RemoteTestNG.main(RemoteTestNG.java:91) [testng-remote.jar:?]
2025-06-04 23:34:30 [main] ERROR com.ecommerce.pageobjects.CartPage - Failed to click on 'View Product' button.
java.lang.RuntimeException: Failed to click element
	at com.ecommerce.actiondriver.Action.click(Action.java:34) ~[classes/:?]
	at com.ecommerce.pageobjects.CartPage.clickViewProduct(CartPage.java:210) ~[classes/:?]
	at com.ecommerce.testcases.CartTest.verifyProductQuantityInCartTest(CartTest.java:130) ~[test-classes/:?]
	at jdk.internal.reflect.NativeMethodAccessorImpl.invoke0(Native Method) ~[?:?]
	at jdk.internal.reflect.NativeMethodAccessorImpl.invoke(NativeMethodAccessorImpl.java:77) ~[?:?]
	at jdk.internal.reflect.DelegatingMethodAccessorImpl.invoke(DelegatingMethodAccessorImpl.java:43) ~[?:?]
	at java.lang.reflect.Method.invoke(Method.java:568) ~[?:?]
	at org.testng.internal.invokers.MethodInvocationHelper.invokeMethod(MethodInvocationHelper.java:141) ~[testng-7.10.2.jar:7.10.2]
	at org.testng.internal.invokers.TestInvoker.invokeMethod(TestInvoker.java:686) ~[testng-7.10.2.jar:7.10.2]
	at org.testng.internal.invokers.TestInvoker.invokeTestMethod(TestInvoker.java:230) ~[testng-7.10.2.jar:7.10.2]
	at org.testng.internal.invokers.MethodRunner.runInSequence(MethodRunner.java:63) ~[testng-7.10.2.jar:7.10.2]
	at org.testng.internal.invokers.TestInvoker$MethodInvocationAgent.invoke(TestInvoker.java:992) ~[testng-7.10.2.jar:7.10.2]
	at org.testng.internal.invokers.TestInvoker.invokeTestMethods(TestInvoker.java:203) ~[testng-7.10.2.jar:7.10.2]
	at org.testng.internal.invokers.TestMethodWorker.invokeTestMethods(TestMethodWorker.java:154) ~[testng-7.10.2.jar:7.10.2]
	at org.testng.internal.invokers.TestMethodWorker.run(TestMethodWorker.java:134) ~[testng-7.10.2.jar:7.10.2]
	at java.util.ArrayList.forEach(ArrayList.java:1511) [?:?]
	at org.testng.TestRunner.privateRun(TestRunner.java:739) [testng-7.10.2.jar:7.10.2]
	at org.testng.TestRunner.run(TestRunner.java:614) [testng-7.10.2.jar:7.10.2]
	at org.testng.SuiteRunner.runTest(SuiteRunner.java:421) [testng-7.10.2.jar:7.10.2]
	at org.testng.SuiteRunner.runSequentially(SuiteRunner.java:413) [testng-7.10.2.jar:7.10.2]
	at org.testng.SuiteRunner.privateRun(SuiteRunner.java:373) [testng-7.10.2.jar:7.10.2]
	at org.testng.SuiteRunner.run(SuiteRunner.java:312) [testng-7.10.2.jar:7.10.2]
	at org.testng.SuiteRunnerWorker.runSuite(SuiteRunnerWorker.java:52) [testng-7.10.2.jar:7.10.2]
	at org.testng.SuiteRunnerWorker.run(SuiteRunnerWorker.java:95) [testng-7.10.2.jar:7.10.2]
	at org.testng.TestNG.runSuitesSequentially(TestNG.java:1274) [testng-7.10.2.jar:7.10.2]
	at org.testng.TestNG.runSuitesLocally(TestNG.java:1208) [testng-7.10.2.jar:7.10.2]
	at org.testng.TestNG.runSuites(TestNG.java:1112) [testng-7.10.2.jar:7.10.2]
	at org.testng.TestNG.run(TestNG.java:1079) [testng-7.10.2.jar:7.10.2]
	at org.testng.remote.AbstractRemoteTestNG.run(AbstractRemoteTestNG.java:115) [testng-remote.jar:?]
	at org.testng.remote.RemoteTestNG.initAndRun(RemoteTestNG.java:293) [testng-remote.jar:?]
	at org.testng.remote.RemoteTestNG.main(RemoteTestNG.java:91) [testng-remote.jar:?]
Caused by: org.openqa.selenium.ElementClickInterceptedException: element click intercepted: Element <a href="/product_details/1" style="color: brown;">...</a> is not clickable at point (826, 823). Other element would receive the click: <iframe id="aswift_2" name="aswift_2" browsingtopics="true" style="width: 728px !important; height: 90px !important; display: block; margin: 0px auto;" sandbox="allow-forms allow-popups allow-popups-to-escape-sandbox allow-same-origin allow-scripts allow-top-navigation-by-user-activation" width="728" height="90" frameborder="0" marginwidth="0" marginheight="0" vspace="0" hspace="0" allowtransparency="true" scrolling="no" allow="attribution-reporting; run-ad-auction" src="https://googleads.g.doubleclick.net/pagead/html/r20250603/r20190131/zrt_lookup_fy2021.html#RS-0-&amp;adk=1812271801&amp;client=ca-pub-1677597403311019&amp;fa=1&amp;ifi=3&amp;uci=a!3&amp;btvi=2" data-google-container-id="a!3" tabindex="0" title="Advertisement" aria-label="Advertisement" data-google-query-id="CInd4Jut2I0DFXiJZgIdqscnEg" data-load-complete="true"></iframe>
  (Session info: chrome=137.0.7151.56)
Build info: version: '4.19.1', revision: 'abe0ee07dc'
System info: os.name: 'Mac OS X', os.arch: 'aarch64', os.version: '14.6.1', java.version: '17.0.13'
Driver info: org.openqa.selenium.chrome.ChromeDriver
Command: [0bc688dc739e89190a4b8abeea8fece7, clickElement {id=f.F966788D5D670A881CB05EE4DE6FD5CC.d.67A4DD0CDF92B897D2381543FF4C49F4.e.115}]
Capabilities {acceptInsecureCerts: false, browserName: chrome, browserVersion: 137.0.7151.56, chrome: {chromedriverVersion: 137.0.7151.68 (2989ffee9373..., userDataDir: /var/folders/mx/yg_pnps952g...}, fedcm:accounts: true, goog:chromeOptions: {debuggerAddress: localhost:53398}, networkConnectionEnabled: false, pageLoadStrategy: normal, platformName: mac, proxy: Proxy(), se:cdp: ws://localhost:53398/devtoo..., se:cdpVersion: 137.0.7151.56, setWindowRect: true, strictFileInteractability: false, timeouts: {implicit: 0, pageLoad: 300000, script: 30000}, unhandledPromptBehavior: dismiss and notify, webauthn:extension:credBlob: true, webauthn:extension:largeBlob: true, webauthn:extension:minPinLength: true, webauthn:extension:prf: true, webauthn:virtualAuthenticators: true}
Element: [[ChromeDriver: chrome on mac (0bc688dc739e89190a4b8abeea8fece7)] -> xpath: //a[@href='/product_details/1']]
Session ID: 0bc688dc739e89190a4b8abeea8fece7
	at jdk.internal.reflect.NativeConstructorAccessorImpl.newInstance0(Native Method) ~[?:?]
	at jdk.internal.reflect.NativeConstructorAccessorImpl.newInstance(NativeConstructorAccessorImpl.java:77) ~[?:?]
	at jdk.internal.reflect.DelegatingConstructorAccessorImpl.newInstance(DelegatingConstructorAccessorImpl.java:45) ~[?:?]
	at java.lang.reflect.Constructor.newInstanceWithCaller(Constructor.java:499) ~[?:?]
	at java.lang.reflect.Constructor.newInstance(Constructor.java:480) ~[?:?]
	at org.openqa.selenium.remote.ErrorCodec.decode(ErrorCodec.java:167) ~[selenium-remote-driver-4.19.1.jar:?]
	at org.openqa.selenium.remote.codec.w3c.W3CHttpResponseCodec.decode(W3CHttpResponseCodec.java:138) ~[selenium-remote-driver-4.19.1.jar:?]
	at org.openqa.selenium.remote.codec.w3c.W3CHttpResponseCodec.decode(W3CHttpResponseCodec.java:50) ~[selenium-remote-driver-4.19.1.jar:?]
	at org.openqa.selenium.remote.HttpCommandExecutor.execute(HttpCommandExecutor.java:190) ~[selenium-remote-driver-4.19.1.jar:?]
	at org.openqa.selenium.remote.service.DriverCommandExecutor.invokeExecute(DriverCommandExecutor.java:216) ~[selenium-remote-driver-4.19.1.jar:?]
	at org.openqa.selenium.remote.service.DriverCommandExecutor.execute(DriverCommandExecutor.java:174) ~[selenium-remote-driver-4.19.1.jar:?]
	at org.openqa.selenium.remote.RemoteWebDriver.execute(RemoteWebDriver.java:518) ~[selenium-remote-driver-4.19.1.jar:?]
	at org.openqa.selenium.remote.RemoteWebElement.execute(RemoteWebElement.java:223) ~[selenium-remote-driver-4.19.1.jar:?]
	at org.openqa.selenium.remote.RemoteWebElement.click(RemoteWebElement.java:76) ~[selenium-remote-driver-4.19.1.jar:?]
	at jdk.internal.reflect.NativeMethodAccessorImpl.invoke0(Native Method) ~[?:?]
	at jdk.internal.reflect.NativeMethodAccessorImpl.invoke(NativeMethodAccessorImpl.java:77) ~[?:?]
	at jdk.internal.reflect.DelegatingMethodAccessorImpl.invoke(DelegatingMethodAccessorImpl.java:43) ~[?:?]
	at java.lang.reflect.Method.invoke(Method.java:568) ~[?:?]
	at org.openqa.selenium.support.pagefactory.internal.LocatingElementHandler.invoke(LocatingElementHandler.java:51) ~[selenium-support-4.19.1.jar:?]
	at jdk.proxy2.$Proxy31.click(Unknown Source) ~[?:?]
	at com.ecommerce.actiondriver.Action.click(Action.java:30) ~[classes/:?]
	... 30 more
2025-06-04 23:34:30 [main] ERROR com.ecommerce.testcases.CartTest - Test execution failed.
java.lang.RuntimeException: Failed to click element
	at com.ecommerce.actiondriver.Action.click(Action.java:34) ~[classes/:?]
	at com.ecommerce.pageobjects.CartPage.clickViewProduct(CartPage.java:210) ~[classes/:?]
	at com.ecommerce.testcases.CartTest.verifyProductQuantityInCartTest(CartTest.java:130) ~[test-classes/:?]
	at jdk.internal.reflect.NativeMethodAccessorImpl.invoke0(Native Method) ~[?:?]
	at jdk.internal.reflect.NativeMethodAccessorImpl.invoke(NativeMethodAccessorImpl.java:77) ~[?:?]
	at jdk.internal.reflect.DelegatingMethodAccessorImpl.invoke(DelegatingMethodAccessorImpl.java:43) ~[?:?]
	at java.lang.reflect.Method.invoke(Method.java:568) ~[?:?]
	at org.testng.internal.invokers.MethodInvocationHelper.invokeMethod(MethodInvocationHelper.java:141) ~[testng-7.10.2.jar:7.10.2]
	at org.testng.internal.invokers.TestInvoker.invokeMethod(TestInvoker.java:686) ~[testng-7.10.2.jar:7.10.2]
	at org.testng.internal.invokers.TestInvoker.invokeTestMethod(TestInvoker.java:230) ~[testng-7.10.2.jar:7.10.2]
	at org.testng.internal.invokers.MethodRunner.runInSequence(MethodRunner.java:63) ~[testng-7.10.2.jar:7.10.2]
	at org.testng.internal.invokers.TestInvoker$MethodInvocationAgent.invoke(TestInvoker.java:992) ~[testng-7.10.2.jar:7.10.2]
	at org.testng.internal.invokers.TestInvoker.invokeTestMethods(TestInvoker.java:203) ~[testng-7.10.2.jar:7.10.2]
	at org.testng.internal.invokers.TestMethodWorker.invokeTestMethods(TestMethodWorker.java:154) ~[testng-7.10.2.jar:7.10.2]
	at org.testng.internal.invokers.TestMethodWorker.run(TestMethodWorker.java:134) ~[testng-7.10.2.jar:7.10.2]
	at java.util.ArrayList.forEach(ArrayList.java:1511) [?:?]
	at org.testng.TestRunner.privateRun(TestRunner.java:739) [testng-7.10.2.jar:7.10.2]
	at org.testng.TestRunner.run(TestRunner.java:614) [testng-7.10.2.jar:7.10.2]
	at org.testng.SuiteRunner.runTest(SuiteRunner.java:421) [testng-7.10.2.jar:7.10.2]
	at org.testng.SuiteRunner.runSequentially(SuiteRunner.java:413) [testng-7.10.2.jar:7.10.2]
	at org.testng.SuiteRunner.privateRun(SuiteRunner.java:373) [testng-7.10.2.jar:7.10.2]
	at org.testng.SuiteRunner.run(SuiteRunner.java:312) [testng-7.10.2.jar:7.10.2]
	at org.testng.SuiteRunnerWorker.runSuite(SuiteRunnerWorker.java:52) [testng-7.10.2.jar:7.10.2]
	at org.testng.SuiteRunnerWorker.run(SuiteRunnerWorker.java:95) [testng-7.10.2.jar:7.10.2]
	at org.testng.TestNG.runSuitesSequentially(TestNG.java:1274) [testng-7.10.2.jar:7.10.2]
	at org.testng.TestNG.runSuitesLocally(TestNG.java:1208) [testng-7.10.2.jar:7.10.2]
	at org.testng.TestNG.runSuites(TestNG.java:1112) [testng-7.10.2.jar:7.10.2]
	at org.testng.TestNG.run(TestNG.java:1079) [testng-7.10.2.jar:7.10.2]
	at org.testng.remote.AbstractRemoteTestNG.run(AbstractRemoteTestNG.java:115) [testng-remote.jar:?]
	at org.testng.remote.RemoteTestNG.initAndRun(RemoteTestNG.java:293) [testng-remote.jar:?]
	at org.testng.remote.RemoteTestNG.main(RemoteTestNG.java:91) [testng-remote.jar:?]
Caused by: org.openqa.selenium.ElementClickInterceptedException: element click intercepted: Element <a href="/product_details/1" style="color: brown;">...</a> is not clickable at point (826, 823). Other element would receive the click: <iframe id="aswift_2" name="aswift_2" browsingtopics="true" style="width: 728px !important; height: 90px !important; display: block; margin: 0px auto;" sandbox="allow-forms allow-popups allow-popups-to-escape-sandbox allow-same-origin allow-scripts allow-top-navigation-by-user-activation" width="728" height="90" frameborder="0" marginwidth="0" marginheight="0" vspace="0" hspace="0" allowtransparency="true" scrolling="no" allow="attribution-reporting; run-ad-auction" src="https://googleads.g.doubleclick.net/pagead/html/r20250603/r20190131/zrt_lookup_fy2021.html#RS-0-&amp;adk=1812271801&amp;client=ca-pub-1677597403311019&amp;fa=1&amp;ifi=3&amp;uci=a!3&amp;btvi=2" data-google-container-id="a!3" tabindex="0" title="Advertisement" aria-label="Advertisement" data-google-query-id="CInd4Jut2I0DFXiJZgIdqscnEg" data-load-complete="true"></iframe>
  (Session info: chrome=137.0.7151.56)
Build info: version: '4.19.1', revision: 'abe0ee07dc'
System info: os.name: 'Mac OS X', os.arch: 'aarch64', os.version: '14.6.1', java.version: '17.0.13'
Driver info: org.openqa.selenium.chrome.ChromeDriver
Command: [0bc688dc739e89190a4b8abeea8fece7, clickElement {id=f.F966788D5D670A881CB05EE4DE6FD5CC.d.67A4DD0CDF92B897D2381543FF4C49F4.e.115}]
Capabilities {acceptInsecureCerts: false, browserName: chrome, browserVersion: 137.0.7151.56, chrome: {chromedriverVersion: 137.0.7151.68 (2989ffee9373..., userDataDir: /var/folders/mx/yg_pnps952g...}, fedcm:accounts: true, goog:chromeOptions: {debuggerAddress: localhost:53398}, networkConnectionEnabled: false, pageLoadStrategy: normal, platformName: mac, proxy: Proxy(), se:cdp: ws://localhost:53398/devtoo..., se:cdpVersion: 137.0.7151.56, setWindowRect: true, strictFileInteractability: false, timeouts: {implicit: 0, pageLoad: 300000, script: 30000}, unhandledPromptBehavior: dismiss and notify, webauthn:extension:credBlob: true, webauthn:extension:largeBlob: true, webauthn:extension:minPinLength: true, webauthn:extension:prf: true, webauthn:virtualAuthenticators: true}
Element: [[ChromeDriver: chrome on mac (0bc688dc739e89190a4b8abeea8fece7)] -> xpath: //a[@href='/product_details/1']]
Session ID: 0bc688dc739e89190a4b8abeea8fece7
	at jdk.internal.reflect.NativeConstructorAccessorImpl.newInstance0(Native Method) ~[?:?]
	at jdk.internal.reflect.NativeConstructorAccessorImpl.newInstance(NativeConstructorAccessorImpl.java:77) ~[?:?]
	at jdk.internal.reflect.DelegatingConstructorAccessorImpl.newInstance(DelegatingConstructorAccessorImpl.java:45) ~[?:?]
	at java.lang.reflect.Constructor.newInstanceWithCaller(Constructor.java:499) ~[?:?]
	at java.lang.reflect.Constructor.newInstance(Constructor.java:480) ~[?:?]
	at org.openqa.selenium.remote.ErrorCodec.decode(ErrorCodec.java:167) ~[selenium-remote-driver-4.19.1.jar:?]
	at org.openqa.selenium.remote.codec.w3c.W3CHttpResponseCodec.decode(W3CHttpResponseCodec.java:138) ~[selenium-remote-driver-4.19.1.jar:?]
	at org.openqa.selenium.remote.codec.w3c.W3CHttpResponseCodec.decode(W3CHttpResponseCodec.java:50) ~[selenium-remote-driver-4.19.1.jar:?]
	at org.openqa.selenium.remote.HttpCommandExecutor.execute(HttpCommandExecutor.java:190) ~[selenium-remote-driver-4.19.1.jar:?]
	at org.openqa.selenium.remote.service.DriverCommandExecutor.invokeExecute(DriverCommandExecutor.java:216) ~[selenium-remote-driver-4.19.1.jar:?]
	at org.openqa.selenium.remote.service.DriverCommandExecutor.execute(DriverCommandExecutor.java:174) ~[selenium-remote-driver-4.19.1.jar:?]
	at org.openqa.selenium.remote.RemoteWebDriver.execute(RemoteWebDriver.java:518) ~[selenium-remote-driver-4.19.1.jar:?]
	at org.openqa.selenium.remote.RemoteWebElement.execute(RemoteWebElement.java:223) ~[selenium-remote-driver-4.19.1.jar:?]
	at org.openqa.selenium.remote.RemoteWebElement.click(RemoteWebElement.java:76) ~[selenium-remote-driver-4.19.1.jar:?]
	at jdk.internal.reflect.NativeMethodAccessorImpl.invoke0(Native Method) ~[?:?]
	at jdk.internal.reflect.NativeMethodAccessorImpl.invoke(NativeMethodAccessorImpl.java:77) ~[?:?]
	at jdk.internal.reflect.DelegatingMethodAccessorImpl.invoke(DelegatingMethodAccessorImpl.java:43) ~[?:?]
	at java.lang.reflect.Method.invoke(Method.java:568) ~[?:?]
	at org.openqa.selenium.support.pagefactory.internal.LocatingElementHandler.invoke(LocatingElementHandler.java:51) ~[selenium-support-4.19.1.jar:?]
	at jdk.proxy2.$Proxy31.click(Unknown Source) ~[?:?]
	at com.ecommerce.actiondriver.Action.click(Action.java:30) ~[classes/:?]
	... 30 more
2025-06-04 23:34:30 [main] ERROR com.ecommerce.utility.Log - Test Failed: verifyProductQuantityInCartTest
2025-06-04 23:34:30 [main] INFO  com.ecommerce.utility.Log - Screenshot captured: /Users/dkundu/eclipse-workspace/EcommerceProject/Screenshots/verifyProductQuantityInCartTest_20250604_233430.png
2025-06-04 23:34:30 [main] INFO  com.ecommerce.utility.Log - Closing browser...
2025-06-04 23:34:30 [main] INFO  com.ecommerce.utility.Log - === END SUITE === Automation Test Suite Finished
