2025-06-05 00:36:39 [main] INFO  com.ecommerce.utility.Log - Loading configuration properties...
2025-06-05 00:36:39 [main] INFO  com.ecommerce.utility.Log - Loaded configuration properties.
2025-06-05 00:36:39 [main] INFO  com.ecommerce.utility.Log - === START SUITE === Automation Test Suite Started
2025-06-05 00:36:39 [TestNG-tests-1] INFO  com.ecommerce.utility.Log - Launching browser: edge
2025-06-05 00:37:05 [TestNG-tests-1] INFO  com.ecommerce.utility.Log - Navigated to: https://www.automationexercise.com/
2025-06-05 00:37:05 [TestNG-tests-1] INFO  com.ecommerce.testcases.LoginPageTest - ===== Starting Test: verifyLogin =====
2025-06-05 00:37:05 [TestNG-tests-1] DEBUG com.ecommerce.testcases.LoginPageTest - LoginPage object instantiated.
2025-06-05 00:37:05 [TestNG-tests-1] INFO  com.ecommerce.pageobjects.LoginPage - Homepage logo visibility check passed.
2025-06-05 00:37:05 [TestNG-tests-1] DEBUG com.ecommerce.pageobjects.LoginPage - Logo displayed: true
2025-06-05 00:37:05 [TestNG-tests-1] INFO  com.ecommerce.testcases.LoginPageTest - Step 1 passed: Homepage is visible.
2025-06-05 00:37:06 [TestNG-tests-1] INFO  com.ecommerce.utility.Log - Clicked on element: [[EdgeDriver: MicrosoftEdge on mac (74bfa1a844619ded7ad6f5c740916c70)] -> xpath: //a[contains(text(),'Signup / Login')]]
2025-06-05 00:37:06 [TestNG-tests-1] INFO  com.ecommerce.pageobjects.LoginPage - Clicked on Signup/Login link.
2025-06-05 00:37:06 [TestNG-tests-1] INFO  com.ecommerce.testcases.LoginPageTest - Step 2 passed: Navigated to login page.
2025-06-05 00:37:06 [TestNG-tests-1] INFO  com.ecommerce.pageobjects.LoginPage - Login form title is visible.
2025-06-05 00:37:06 [TestNG-tests-1] INFO  com.ecommerce.testcases.LoginPageTest - Step 3 passed: Login form title is visible.
2025-06-05 00:37:06 [TestNG-tests-1] DEBUG com.ecommerce.testcases.LoginPageTest - Using email: Dpaul01@yopmail.com and password: [HIDDEN]
2025-06-05 00:37:06 [TestNG-tests-1] DEBUG com.ecommerce.pageobjects.LoginPage - Attempting to enter email: Dpaul01@yopmail.com
2025-06-05 00:37:06 [TestNG-tests-1] INFO  com.ecommerce.utility.Log - Typed text: Dpaul01@yopmail.com
2025-06-05 00:37:06 [TestNG-tests-1] DEBUG com.ecommerce.pageobjects.LoginPage - Attempting to enter password.
2025-06-05 00:37:07 [TestNG-tests-1] INFO  com.ecommerce.utility.Log - Typed text: Test01@$
2025-06-05 00:37:07 [TestNG-tests-1] INFO  com.ecommerce.pageobjects.LoginPage - Clicking Login button.
2025-06-05 00:37:19 [TestNG-tests-1] INFO  com.ecommerce.utility.Log - Clicked on element: Proxy element for: DefaultElementLocator 'By.xpath: //button[@data-qa='login-button']'
2025-06-05 00:37:19 [TestNG-tests-1] INFO  com.ecommerce.pageobjects.LoginPage - Login submitted successfully.
2025-06-05 00:37:19 [TestNG-tests-1] INFO  com.ecommerce.testcases.LoginPageTest - Step 4 passed: Login attempted with valid credentials.
2025-06-05 00:37:19 [TestNG-tests-1] INFO  com.ecommerce.pageobjects.LoginPage - Retrieved logged-in username.
2025-06-05 00:37:19 [TestNG-tests-1] DEBUG com.ecommerce.pageobjects.LoginPage - Username extracted: Dinesh Paul
2025-06-05 00:37:19 [TestNG-tests-1] DEBUG com.ecommerce.testcases.LoginPageTest - Expected username: Dinesh Paul, Actual: Dinesh Paul
2025-06-05 00:37:19 [TestNG-tests-1] INFO  com.ecommerce.testcases.LoginPageTest - Step 5 passed: Logged-in username verified successfully.
2025-06-05 00:37:19 [TestNG-tests-1] INFO  com.ecommerce.testcases.LoginPageTest - ===== Test Passed: verifyLogin =====
2025-06-05 00:37:19 [TestNG-tests-1] INFO  com.ecommerce.utility.Log - Closing browser...
2025-06-05 00:37:20 [TestNG-tests-1] INFO  com.ecommerce.utility.Log - Loaded sheet: Sheet1, Rows: 2
2025-06-05 00:37:20 [TestNG-tests-1] INFO  com.ecommerce.utility.Log - Launching browser: edge
2025-06-05 00:37:27 [TestNG-tests-1] INFO  com.ecommerce.utility.Log - Navigated to: https://www.automationexercise.com/
2025-06-05 00:37:27 [TestNG-tests-1] INFO  com.ecommerce.testcases.RegisterUserTest - ===== Starting Test: registerUser =====
2025-06-05 00:37:27 [TestNG-tests-1] DEBUG com.ecommerce.testcases.RegisterUserTest - RegisterPage object instantiated.
2025-06-05 00:37:28 [TestNG-tests-1] INFO  com.ecommerce.utility.Log - Clicked on element: [[EdgeDriver: MicrosoftEdge on mac (caa7370aa1e5a28f3ce1c977563cb063)] -> xpath: //a[contains(text(),'Signup / Login')]]
2025-06-05 00:37:28 [TestNG-tests-1] INFO  com.ecommerce.pageobjects.RegisterPage - Clicked on Signup/Login link.
2025-06-05 00:37:28 [TestNG-tests-1] INFO  com.ecommerce.testcases.RegisterUserTest - Step 1 passed: Navigated to Signup/Login page.
2025-06-05 00:37:28 [TestNG-tests-1] DEBUG com.ecommerce.testcases.RegisterUserTest - Entering name: Jane Roe and email: jane.roe1@test.com
2025-06-05 00:37:28 [TestNG-tests-1] DEBUG com.ecommerce.pageobjects.RegisterPage - Entering signup name: Jane Roe
2025-06-05 00:37:29 [TestNG-tests-1] INFO  com.ecommerce.utility.Log - Typed text: Jane Roe
2025-06-05 00:37:29 [TestNG-tests-1] DEBUG com.ecommerce.pageobjects.RegisterPage - Entering signup email: jane.roe1@test.com
2025-06-05 00:37:29 [TestNG-tests-1] INFO  com.ecommerce.utility.Log - Typed text: jane.roe1@test.com
2025-06-05 00:37:42 [TestNG-tests-1] INFO  com.ecommerce.utility.Log - Clicked on element: Proxy element for: DefaultElementLocator 'By.xpath: //button[contains(text(),'Signup')]'
2025-06-05 00:37:42 [TestNG-tests-1] INFO  com.ecommerce.pageobjects.RegisterPage - Signup details submitted.
2025-06-05 00:37:42 [TestNG-tests-1] INFO  com.ecommerce.testcases.RegisterUserTest - Step 2 passed: Signup details submitted.
2025-06-05 00:37:42 [TestNG-tests-1] INFO  com.ecommerce.utility.Log - Clicked on element: [[EdgeDriver: MicrosoftEdge on mac (caa7370aa1e5a28f3ce1c977563cb063)] -> id: id_gender2]
2025-06-05 00:37:42 [TestNG-tests-1] DEBUG com.ecommerce.pageobjects.RegisterPage - Selected title: Mrs
2025-06-05 00:37:42 [TestNG-tests-1] INFO  com.ecommerce.utility.Log - Typed text: pass@456
2025-06-05 00:37:42 [TestNG-tests-1] DEBUG com.ecommerce.pageobjects.RegisterPage - Selecting DOB: 12-March-1985
2025-06-05 00:37:42 [TestNG-tests-1] INFO  com.ecommerce.utility.Log - Clicked on element: [[EdgeDriver: MicrosoftEdge on mac (caa7370aa1e5a28f3ce1c977563cb063)] -> id: optin]
2025-06-05 00:37:42 [TestNG-tests-1] DEBUG com.ecommerce.pageobjects.RegisterPage - Subscribed to special offers.
2025-06-05 00:37:42 [TestNG-tests-1] INFO  com.ecommerce.utility.Log - Typed text: Jane
2025-06-05 00:37:42 [TestNG-tests-1] INFO  com.ecommerce.utility.Log - Typed text: Roe
2025-06-05 00:37:42 [TestNG-tests-1] INFO  com.ecommerce.utility.Log - Typed text: SampleCo
2025-06-05 00:37:42 [TestNG-tests-1] INFO  com.ecommerce.utility.Log - Typed text: 456 Oak Road
2025-06-05 00:37:42 [TestNG-tests-1] INFO  com.ecommerce.utility.Log - Typed text: Ste 5B
2025-06-05 00:37:42 [TestNG-tests-1] INFO  com.ecommerce.utility.Log - Typed text: Ontario
2025-06-05 00:37:42 [TestNG-tests-1] INFO  com.ecommerce.utility.Log - Typed text: Toronto
2025-06-05 00:37:43 [TestNG-tests-1] INFO  com.ecommerce.utility.Log - Typed text: M5H 2N2
2025-06-05 00:37:43 [TestNG-tests-1] INFO  com.ecommerce.utility.Log - Typed text: 9.87654321E9
2025-06-05 00:37:43 [TestNG-tests-1] INFO  com.ecommerce.utility.Log - Clicked on element: [[EdgeDriver: MicrosoftEdge on mac (caa7370aa1e5a28f3ce1c977563cb063)] -> xpath: //button[contains(text(),'Create Account')]]
2025-06-05 00:37:43 [TestNG-tests-1] INFO  com.ecommerce.pageobjects.RegisterPage - Account details submitted for creation.
2025-06-05 00:37:43 [TestNG-tests-1] INFO  com.ecommerce.testcases.RegisterUserTest - Step 3 passed: Registration form filled and submitted.
2025-06-05 00:37:45 [TestNG-tests-1] INFO  com.ecommerce.pageobjects.RegisterPage - 'Account Created!' message visibility: true
2025-06-05 00:37:45 [TestNG-tests-1] INFO  com.ecommerce.testcases.RegisterUserTest - Step 4 passed: Account creation confirmed.
2025-06-05 00:37:58 [TestNG-tests-1] INFO  com.ecommerce.utility.Log - Clicked on element: Proxy element for: DefaultElementLocator 'By.xpath: //a[@data-qa='continue-button']'
2025-06-05 00:37:58 [TestNG-tests-1] INFO  com.ecommerce.pageobjects.RegisterPage - Clicked 'Continue' button after account creation.
2025-06-05 00:37:58 [TestNG-tests-1] INFO  com.ecommerce.testcases.RegisterUserTest - Step 5 passed: Clicked Continue button.
2025-06-05 00:37:58 [TestNG-tests-1] INFO  com.ecommerce.pageobjects.RegisterPage - 'Logged in as' text visibility: true
2025-06-05 00:37:58 [TestNG-tests-1] INFO  com.ecommerce.testcases.RegisterUserTest - Step 6 passed: Logged in as username verified.
2025-06-05 00:38:12 [TestNG-tests-1] INFO  com.ecommerce.utility.Log - Clicked on element: Proxy element for: DefaultElementLocator 'By.xpath: //a[contains(text(),'Delete Account')]'
2025-06-05 00:38:12 [TestNG-tests-1] INFO  com.ecommerce.pageobjects.RegisterPage - Clicked 'Delete Account' link.
2025-06-05 00:38:12 [TestNG-tests-1] INFO  com.ecommerce.pageobjects.RegisterPage - 'Account Deleted!' message visibility: true
2025-06-05 00:38:12 [TestNG-tests-1] INFO  com.ecommerce.testcases.RegisterUserTest - Step 7 passed: Account deletion confirmed.
2025-06-05 00:38:25 [TestNG-tests-1] INFO  com.ecommerce.utility.Log - Clicked on element: Proxy element for: DefaultElementLocator 'By.xpath: //a[@data-qa='continue-button']'
2025-06-05 00:38:25 [TestNG-tests-1] INFO  com.ecommerce.pageobjects.RegisterPage - Clicked 'Continue' button after account creation.
2025-06-05 00:38:25 [TestNG-tests-1] INFO  com.ecommerce.testcases.RegisterUserTest - ===== Test Passed: registerUser =====
2025-06-05 00:38:25 [TestNG-tests-1] INFO  com.ecommerce.utility.Log - Closing browser...
2025-06-05 00:38:26 [TestNG-tests-1] INFO  com.ecommerce.utility.Log - Launching browser: edge
2025-06-05 00:38:31 [TestNG-tests-1] INFO  com.ecommerce.utility.Log - Navigated to: https://www.automationexercise.com/
2025-06-05 00:38:31 [TestNG-tests-1] INFO  com.ecommerce.testcases.ProductsPageTest - ===== Starting Test: verifyAllProductsAndProductDetailPage =====
2025-06-05 00:38:31 [TestNG-tests-1] DEBUG com.ecommerce.testcases.ProductsPageTest - ProductsPage object instantiated.
2025-06-05 00:38:31 [TestNG-tests-1] INFO  com.ecommerce.pageobjects.ProductsPage - Checking if home page logo is displayed...
2025-06-05 00:38:31 [TestNG-tests-1] INFO  com.ecommerce.testcases.ProductsPageTest - Step 1 passed: Home page is visible.
2025-06-05 00:38:31 [TestNG-tests-1] INFO  com.ecommerce.pageobjects.ProductsPage - Clicking on 'Products' button...
2025-06-05 00:43:31 [TestNG-tests-1] ERROR com.ecommerce.utility.Log - Click failed on element: [[EdgeDriver: MicrosoftEdge on mac (8f6bbe7c777fb54f141aa6efa76dbd67)] -> xpath: //a[@href='/products']]
org.openqa.selenium.TimeoutException: java.util.concurrent.TimeoutException
Build info: version: '4.19.1', revision: 'abe0ee07dc'
System info: os.name: 'Mac OS X', os.arch: 'aarch64', os.version: '14.6.1', java.version: '17.0.13'
Driver info: org.openqa.selenium.edge.EdgeDriver
Command: [8f6bbe7c777fb54f141aa6efa76dbd67, clickElement {id=f.A65F5052CAF44A3594DF2D41FBB46A4C.d.1AB6B4FA0BD78273FC892790117E964A.e.57}]
Capabilities {acceptInsecureCerts: false, browserName: MicrosoftEdge, browserVersion: 137.0.3296.62, fedcm:accounts: true, ms:edgeOptions: {debuggerAddress: localhost:54543}, msedge: {msedgedriverVersion: 137.0.3296.62 (ab09be0c363d..., userDataDir: /var/folders/mx/yg_pnps952g...}, networkConnectionEnabled: false, pageLoadStrategy: normal, platformName: mac, proxy: Proxy(), se:cdp: ws://localhost:54543/devtoo..., se:cdpVersion: 137.0.3296.62, setWindowRect: true, strictFileInteractability: false, timeouts: {implicit: 0, pageLoad: 300000, script: 30000}, unhandledPromptBehavior: dismiss and notify, webauthn:extension:credBlob: true, webauthn:extension:largeBlob: true, webauthn:extension:minPinLength: true, webauthn:extension:prf: true, webauthn:virtualAuthenticators: true}
Element: [[EdgeDriver: MicrosoftEdge on mac (8f6bbe7c777fb54f141aa6efa76dbd67)] -> xpath: //a[@href='/products']]
Session ID: 8f6bbe7c777fb54f141aa6efa76dbd67
	at org.openqa.selenium.remote.http.jdk.JdkHttpClient.execute0(JdkHttpClient.java:396) ~[selenium-http-4.19.1.jar:?]
	at org.openqa.selenium.remote.http.AddSeleniumUserAgent.lambda$apply$0(AddSeleniumUserAgent.java:42) ~[selenium-http-4.19.1.jar:?]
	at org.openqa.selenium.remote.http.Filter.lambda$andFinally$1(Filter.java:55) ~[selenium-http-4.19.1.jar:?]
	at org.openqa.selenium.remote.http.jdk.JdkHttpClient.execute(JdkHttpClient.java:352) ~[selenium-http-4.19.1.jar:?]
	at org.openqa.selenium.remote.HttpCommandExecutor.execute(HttpCommandExecutor.java:187) ~[selenium-remote-driver-4.19.1.jar:?]
	at org.openqa.selenium.remote.service.DriverCommandExecutor.invokeExecute(DriverCommandExecutor.java:216) ~[selenium-remote-driver-4.19.1.jar:?]
	at org.openqa.selenium.remote.service.DriverCommandExecutor.execute(DriverCommandExecutor.java:174) ~[selenium-remote-driver-4.19.1.jar:?]
	at org.openqa.selenium.remote.RemoteWebDriver.execute(RemoteWebDriver.java:518) ~[selenium-remote-driver-4.19.1.jar:?]
	at org.openqa.selenium.remote.RemoteWebElement.execute(RemoteWebElement.java:223) ~[selenium-remote-driver-4.19.1.jar:?]
	at org.openqa.selenium.remote.RemoteWebElement.click(RemoteWebElement.java:76) ~[selenium-remote-driver-4.19.1.jar:?]
	at jdk.internal.reflect.NativeMethodAccessorImpl.invoke0(Native Method) ~[?:?]
	at jdk.internal.reflect.NativeMethodAccessorImpl.invoke(NativeMethodAccessorImpl.java:77) ~[?:?]
	at jdk.internal.reflect.DelegatingMethodAccessorImpl.invoke(DelegatingMethodAccessorImpl.java:43) ~[?:?]
	at java.lang.reflect.Method.invoke(Method.java:568) ~[?:?]
	at org.openqa.selenium.support.pagefactory.internal.LocatingElementHandler.invoke(LocatingElementHandler.java:51) ~[selenium-support-4.19.1.jar:?]
	at jdk.proxy2.$Proxy33.click(Unknown Source) ~[?:?]
	at com.ecommerce.actiondriver.Action.click(Action.java:30) ~[classes/:?]
	at com.ecommerce.pageobjects.ProductsPage.clickOnProductsButton(ProductsPage.java:82) ~[classes/:?]
	at com.ecommerce.testcases.ProductsPageTest.verifyAllProductsAndProductDetailPage(ProductsPageTest.java:38) ~[test-classes/:?]
	at jdk.internal.reflect.NativeMethodAccessorImpl.invoke0(Native Method) ~[?:?]
	at jdk.internal.reflect.NativeMethodAccessorImpl.invoke(NativeMethodAccessorImpl.java:77) ~[?:?]
	at jdk.internal.reflect.DelegatingMethodAccessorImpl.invoke(DelegatingMethodAccessorImpl.java:43) ~[?:?]
	at java.lang.reflect.Method.invoke(Method.java:568) ~[?:?]
	at org.testng.internal.invokers.MethodInvocationHelper.invokeMethod(MethodInvocationHelper.java:141) ~[testng-7.10.2.jar:7.10.2]
	at org.testng.internal.invokers.TestInvoker.invokeMethod(TestInvoker.java:686) ~[testng-7.10.2.jar:7.10.2]
	at org.testng.internal.invokers.TestInvoker.invokeTestMethod(TestInvoker.java:230) ~[testng-7.10.2.jar:7.10.2]
	at org.testng.internal.invokers.MethodRunner.runInSequence(MethodRunner.java:63) ~[testng-7.10.2.jar:7.10.2]
	at org.testng.internal.invokers.TestInvoker$MethodInvocationAgent.invoke(TestInvoker.java:992) ~[testng-7.10.2.jar:7.10.2]
	at org.testng.internal.invokers.TestInvoker.invokeTestMethods(TestInvoker.java:203) ~[testng-7.10.2.jar:7.10.2]
	at org.testng.internal.invokers.TestMethodWorker.invokeTestMethods(TestMethodWorker.java:154) ~[testng-7.10.2.jar:7.10.2]
	at org.testng.internal.invokers.TestMethodWorker.run(TestMethodWorker.java:134) ~[testng-7.10.2.jar:7.10.2]
	at java.util.ArrayList.forEach(ArrayList.java:1511) ~[?:?]
	at org.testng.TestRunner.privateRun(TestRunner.java:739) ~[testng-7.10.2.jar:7.10.2]
	at org.testng.TestRunner.run(TestRunner.java:614) ~[testng-7.10.2.jar:7.10.2]
	at org.testng.SuiteRunner.runTest(SuiteRunner.java:421) ~[testng-7.10.2.jar:7.10.2]
	at org.testng.SuiteRunner$SuiteWorker.run(SuiteRunner.java:463) ~[testng-7.10.2.jar:7.10.2]
	at org.testng.internal.thread.ThreadUtil.lambda$execute$0(ThreadUtil.java:64) ~[testng-7.10.2.jar:7.10.2]
	at java.util.concurrent.FutureTask.run(FutureTask.java:264) [?:?]
	at java.util.concurrent.ThreadPoolExecutor.runWorker(ThreadPoolExecutor.java:1136) [?:?]
	at java.util.concurrent.ThreadPoolExecutor$Worker.run(ThreadPoolExecutor.java:635) [?:?]
	at java.lang.Thread.run(Thread.java:842) [?:?]
Caused by: java.util.concurrent.TimeoutException
	at java.util.concurrent.CompletableFuture.timedGet(CompletableFuture.java:1960) ~[?:?]
	at java.util.concurrent.CompletableFuture.get(CompletableFuture.java:2095) ~[?:?]
	at org.openqa.selenium.remote.http.jdk.JdkHttpClient.execute0(JdkHttpClient.java:379) ~[selenium-http-4.19.1.jar:?]
	... 40 more
2025-06-05 00:43:31 [TestNG-tests-1] ERROR com.ecommerce.pageobjects.ProductsPage - Exception in clickOnProductsButton: 
java.lang.RuntimeException: Failed to click element
	at com.ecommerce.actiondriver.Action.click(Action.java:34) ~[classes/:?]
	at com.ecommerce.pageobjects.ProductsPage.clickOnProductsButton(ProductsPage.java:82) ~[classes/:?]
	at com.ecommerce.testcases.ProductsPageTest.verifyAllProductsAndProductDetailPage(ProductsPageTest.java:38) ~[test-classes/:?]
	at jdk.internal.reflect.NativeMethodAccessorImpl.invoke0(Native Method) ~[?:?]
	at jdk.internal.reflect.NativeMethodAccessorImpl.invoke(NativeMethodAccessorImpl.java:77) ~[?:?]
	at jdk.internal.reflect.DelegatingMethodAccessorImpl.invoke(DelegatingMethodAccessorImpl.java:43) ~[?:?]
	at java.lang.reflect.Method.invoke(Method.java:568) ~[?:?]
	at org.testng.internal.invokers.MethodInvocationHelper.invokeMethod(MethodInvocationHelper.java:141) ~[testng-7.10.2.jar:7.10.2]
	at org.testng.internal.invokers.TestInvoker.invokeMethod(TestInvoker.java:686) ~[testng-7.10.2.jar:7.10.2]
	at org.testng.internal.invokers.TestInvoker.invokeTestMethod(TestInvoker.java:230) ~[testng-7.10.2.jar:7.10.2]
	at org.testng.internal.invokers.MethodRunner.runInSequence(MethodRunner.java:63) ~[testng-7.10.2.jar:7.10.2]
	at org.testng.internal.invokers.TestInvoker$MethodInvocationAgent.invoke(TestInvoker.java:992) ~[testng-7.10.2.jar:7.10.2]
	at org.testng.internal.invokers.TestInvoker.invokeTestMethods(TestInvoker.java:203) ~[testng-7.10.2.jar:7.10.2]
	at org.testng.internal.invokers.TestMethodWorker.invokeTestMethods(TestMethodWorker.java:154) ~[testng-7.10.2.jar:7.10.2]
	at org.testng.internal.invokers.TestMethodWorker.run(TestMethodWorker.java:134) ~[testng-7.10.2.jar:7.10.2]
	at java.util.ArrayList.forEach(ArrayList.java:1511) ~[?:?]
	at org.testng.TestRunner.privateRun(TestRunner.java:739) ~[testng-7.10.2.jar:7.10.2]
	at org.testng.TestRunner.run(TestRunner.java:614) ~[testng-7.10.2.jar:7.10.2]
	at org.testng.SuiteRunner.runTest(SuiteRunner.java:421) ~[testng-7.10.2.jar:7.10.2]
	at org.testng.SuiteRunner$SuiteWorker.run(SuiteRunner.java:463) ~[testng-7.10.2.jar:7.10.2]
	at org.testng.internal.thread.ThreadUtil.lambda$execute$0(ThreadUtil.java:64) ~[testng-7.10.2.jar:7.10.2]
	at java.util.concurrent.FutureTask.run(FutureTask.java:264) [?:?]
	at java.util.concurrent.ThreadPoolExecutor.runWorker(ThreadPoolExecutor.java:1136) [?:?]
	at java.util.concurrent.ThreadPoolExecutor$Worker.run(ThreadPoolExecutor.java:635) [?:?]
	at java.lang.Thread.run(Thread.java:842) [?:?]
Caused by: org.openqa.selenium.TimeoutException: java.util.concurrent.TimeoutException
Build info: version: '4.19.1', revision: 'abe0ee07dc'
System info: os.name: 'Mac OS X', os.arch: 'aarch64', os.version: '14.6.1', java.version: '17.0.13'
Driver info: org.openqa.selenium.edge.EdgeDriver
Command: [8f6bbe7c777fb54f141aa6efa76dbd67, clickElement {id=f.A65F5052CAF44A3594DF2D41FBB46A4C.d.1AB6B4FA0BD78273FC892790117E964A.e.57}]
Capabilities {acceptInsecureCerts: false, browserName: MicrosoftEdge, browserVersion: 137.0.3296.62, fedcm:accounts: true, ms:edgeOptions: {debuggerAddress: localhost:54543}, msedge: {msedgedriverVersion: 137.0.3296.62 (ab09be0c363d..., userDataDir: /var/folders/mx/yg_pnps952g...}, networkConnectionEnabled: false, pageLoadStrategy: normal, platformName: mac, proxy: Proxy(), se:cdp: ws://localhost:54543/devtoo..., se:cdpVersion: 137.0.3296.62, setWindowRect: true, strictFileInteractability: false, timeouts: {implicit: 0, pageLoad: 300000, script: 30000}, unhandledPromptBehavior: dismiss and notify, webauthn:extension:credBlob: true, webauthn:extension:largeBlob: true, webauthn:extension:minPinLength: true, webauthn:extension:prf: true, webauthn:virtualAuthenticators: true}
Element: [[EdgeDriver: MicrosoftEdge on mac (8f6bbe7c777fb54f141aa6efa76dbd67)] -> xpath: //a[@href='/products']]
Session ID: 8f6bbe7c777fb54f141aa6efa76dbd67
	at org.openqa.selenium.remote.http.jdk.JdkHttpClient.execute0(JdkHttpClient.java:396) ~[selenium-http-4.19.1.jar:?]
	at org.openqa.selenium.remote.http.AddSeleniumUserAgent.lambda$apply$0(AddSeleniumUserAgent.java:42) ~[selenium-http-4.19.1.jar:?]
	at org.openqa.selenium.remote.http.Filter.lambda$andFinally$1(Filter.java:55) ~[selenium-http-4.19.1.jar:?]
	at org.openqa.selenium.remote.http.jdk.JdkHttpClient.execute(JdkHttpClient.java:352) ~[selenium-http-4.19.1.jar:?]
	at org.openqa.selenium.remote.HttpCommandExecutor.execute(HttpCommandExecutor.java:187) ~[selenium-remote-driver-4.19.1.jar:?]
	at org.openqa.selenium.remote.service.DriverCommandExecutor.invokeExecute(DriverCommandExecutor.java:216) ~[selenium-remote-driver-4.19.1.jar:?]
	at org.openqa.selenium.remote.service.DriverCommandExecutor.execute(DriverCommandExecutor.java:174) ~[selenium-remote-driver-4.19.1.jar:?]
	at org.openqa.selenium.remote.RemoteWebDriver.execute(RemoteWebDriver.java:518) ~[selenium-remote-driver-4.19.1.jar:?]
	at org.openqa.selenium.remote.RemoteWebElement.execute(RemoteWebElement.java:223) ~[selenium-remote-driver-4.19.1.jar:?]
	at org.openqa.selenium.remote.RemoteWebElement.click(RemoteWebElement.java:76) ~[selenium-remote-driver-4.19.1.jar:?]
	at jdk.internal.reflect.NativeMethodAccessorImpl.invoke0(Native Method) ~[?:?]
	at jdk.internal.reflect.NativeMethodAccessorImpl.invoke(NativeMethodAccessorImpl.java:77) ~[?:?]
	at jdk.internal.reflect.DelegatingMethodAccessorImpl.invoke(DelegatingMethodAccessorImpl.java:43) ~[?:?]
	at java.lang.reflect.Method.invoke(Method.java:568) ~[?:?]
	at org.openqa.selenium.support.pagefactory.internal.LocatingElementHandler.invoke(LocatingElementHandler.java:51) ~[selenium-support-4.19.1.jar:?]
	at jdk.proxy2.$Proxy33.click(Unknown Source) ~[?:?]
	at com.ecommerce.actiondriver.Action.click(Action.java:30) ~[classes/:?]
	... 24 more
Caused by: java.util.concurrent.TimeoutException
	at java.util.concurrent.CompletableFuture.timedGet(CompletableFuture.java:1960) ~[?:?]
	at java.util.concurrent.CompletableFuture.get(CompletableFuture.java:2095) ~[?:?]
	at org.openqa.selenium.remote.http.jdk.JdkHttpClient.execute0(JdkHttpClient.java:379) ~[selenium-http-4.19.1.jar:?]
	at org.openqa.selenium.remote.http.AddSeleniumUserAgent.lambda$apply$0(AddSeleniumUserAgent.java:42) ~[selenium-http-4.19.1.jar:?]
	at org.openqa.selenium.remote.http.Filter.lambda$andFinally$1(Filter.java:55) ~[selenium-http-4.19.1.jar:?]
	at org.openqa.selenium.remote.http.jdk.JdkHttpClient.execute(JdkHttpClient.java:352) ~[selenium-http-4.19.1.jar:?]
	at org.openqa.selenium.remote.HttpCommandExecutor.execute(HttpCommandExecutor.java:187) ~[selenium-remote-driver-4.19.1.jar:?]
	at org.openqa.selenium.remote.service.DriverCommandExecutor.invokeExecute(DriverCommandExecutor.java:216) ~[selenium-remote-driver-4.19.1.jar:?]
	at org.openqa.selenium.remote.service.DriverCommandExecutor.execute(DriverCommandExecutor.java:174) ~[selenium-remote-driver-4.19.1.jar:?]
	at org.openqa.selenium.remote.RemoteWebDriver.execute(RemoteWebDriver.java:518) ~[selenium-remote-driver-4.19.1.jar:?]
	at org.openqa.selenium.remote.RemoteWebElement.execute(RemoteWebElement.java:223) ~[selenium-remote-driver-4.19.1.jar:?]
	at org.openqa.selenium.remote.RemoteWebElement.click(RemoteWebElement.java:76) ~[selenium-remote-driver-4.19.1.jar:?]
	at jdk.internal.reflect.NativeMethodAccessorImpl.invoke0(Native Method) ~[?:?]
	at jdk.internal.reflect.NativeMethodAccessorImpl.invoke(NativeMethodAccessorImpl.java:77) ~[?:?]
	at jdk.internal.reflect.DelegatingMethodAccessorImpl.invoke(DelegatingMethodAccessorImpl.java:43) ~[?:?]
	at java.lang.reflect.Method.invoke(Method.java:568) ~[?:?]
	at org.openqa.selenium.support.pagefactory.internal.LocatingElementHandler.invoke(LocatingElementHandler.java:51) ~[selenium-support-4.19.1.jar:?]
	at jdk.proxy2.$Proxy33.click(Unknown Source) ~[?:?]
	at com.ecommerce.actiondriver.Action.click(Action.java:30) ~[classes/:?]
	... 24 more
2025-06-05 00:43:31 [TestNG-tests-1] INFO  com.ecommerce.testcases.ProductsPageTest - Step 2 passed: Clicked on 'Products' button.
2025-06-05 00:43:31 [TestNG-tests-1] INFO  com.ecommerce.pageobjects.ProductsPage - Checking if 'All Products' title is visible...
2025-06-05 00:43:32 [TestNG-tests-1] INFO  com.ecommerce.testcases.ProductsPageTest - Step 3 passed: 'All Products' page is visible.
2025-06-05 00:43:32 [TestNG-tests-1] INFO  com.ecommerce.pageobjects.ProductsPage - Checking if product list is displayed...
2025-06-05 00:43:32 [TestNG-tests-1] INFO  com.ecommerce.testcases.ProductsPageTest - Step 4 passed: Products list is visible.
2025-06-05 00:43:32 [TestNG-tests-1] INFO  com.ecommerce.pageobjects.ProductsPage - Clicking on first 'View Product' link...
2025-06-05 00:43:45 [TestNG-tests-1] INFO  com.ecommerce.utility.Log - Clicked on element: Proxy element for: DefaultElementLocator 'By.xpath: (//a[contains(text(),'View Product')])[1]'
2025-06-05 00:43:45 [TestNG-tests-1] INFO  com.ecommerce.testcases.ProductsPageTest - Step 5 passed: Clicked on 'View Product' of first product.
2025-06-05 00:43:45 [TestNG-tests-1] INFO  com.ecommerce.pageobjects.ProductsPage - Checking if product name is visible...
2025-06-05 00:43:45 [TestNG-tests-1] INFO  com.ecommerce.pageobjects.ProductsPage - Checking if product category is visible...
2025-06-05 00:43:45 [TestNG-tests-1] INFO  com.ecommerce.pageobjects.ProductsPage - Checking if product price is visible...
2025-06-05 00:43:45 [TestNG-tests-1] INFO  com.ecommerce.pageobjects.ProductsPage - Checking if product availability is visible...
2025-06-05 00:43:45 [TestNG-tests-1] INFO  com.ecommerce.pageobjects.ProductsPage - Checking if product condition is visible...
2025-06-05 00:43:45 [TestNG-tests-1] INFO  com.ecommerce.pageobjects.ProductsPage - Checking if product brand is visible...
2025-06-05 00:43:45 [TestNG-tests-1] INFO  com.ecommerce.testcases.ProductsPageTest - Step 6 passed: All product details are visible.
2025-06-05 00:43:45 [TestNG-tests-1] INFO  com.ecommerce.testcases.ProductsPageTest - ===== Test Passed: verifyAllProductsAndProductDetailPage =====
2025-06-05 00:43:45 [TestNG-tests-1] INFO  com.ecommerce.utility.Log - Closing browser...
2025-06-05 00:43:46 [TestNG-tests-1] INFO  com.ecommerce.utility.Log - Launching browser: edge
2025-06-05 00:43:52 [TestNG-tests-1] INFO  com.ecommerce.utility.Log - Navigated to: https://www.automationexercise.com/
2025-06-05 00:43:52 [TestNG-tests-1] INFO  com.ecommerce.testcases.SearchProductTest - ===== Starting Test: searchMultipleProductsTest =====
2025-06-05 00:43:52 [TestNG-tests-1] DEBUG com.ecommerce.testcases.SearchProductTest - Page title: Automation Exercise
2025-06-05 00:43:52 [TestNG-tests-1] INFO  com.ecommerce.testcases.SearchProductTest - Step 1 passed: Home page loaded successfully.
2025-06-05 00:43:52 [TestNG-tests-1] DEBUG com.ecommerce.testcases.SearchProductTest - SearchProductsPage object instantiated.
2025-06-05 00:43:55 [TestNG-tests-1] INFO  com.ecommerce.utility.Log - Clicked on element: [[EdgeDriver: MicrosoftEdge on mac (b6ff6c49619bc9600756186288a36a3d)] -> xpath: //a[@href='/products']]
2025-06-05 00:43:55 [TestNG-tests-1] INFO  com.ecommerce.pageobjects.SearchProductsPage - Clicked on Products button.
2025-06-05 00:43:55 [TestNG-tests-1] INFO  com.ecommerce.testcases.SearchProductTest - Clicked on Products button.
2025-06-05 00:43:55 [TestNG-tests-1] DEBUG com.ecommerce.testcases.SearchProductTest - Current URL: https://www.automationexercise.com/products
2025-06-05 00:43:55 [TestNG-tests-1] INFO  com.ecommerce.testcases.SearchProductTest - Step 2 passed: Navigated to Products page successfully.
2025-06-05 00:43:55 [TestNG-tests-1] INFO  com.ecommerce.testcases.SearchProductTest - Searching for product: Top
2025-06-05 00:43:55 [TestNG-tests-1] INFO  com.ecommerce.utility.Log - Typed text: Top
2025-06-05 00:43:55 [TestNG-tests-1] INFO  com.ecommerce.pageobjects.SearchProductsPage - Entered product name in search input: Top
2025-06-05 00:43:57 [TestNG-tests-1] INFO  com.ecommerce.utility.Log - Clicked on element: [[EdgeDriver: MicrosoftEdge on mac (b6ff6c49619bc9600756186288a36a3d)] -> id: submit_search]
2025-06-05 00:43:57 [TestNG-tests-1] INFO  com.ecommerce.pageobjects.SearchProductsPage - Clicked on Search button.
2025-06-05 00:43:57 [TestNG-tests-1] INFO  com.ecommerce.pageobjects.SearchProductsPage - 'Searched Products' title visibility: true
2025-06-05 00:43:57 [TestNG-tests-1] INFO  com.ecommerce.testcases.SearchProductTest - 'SEARCHED PRODUCTS' title is visible.
2025-06-05 00:43:57 [TestNG-tests-1] INFO  com.ecommerce.pageobjects.SearchProductsPage - Retrieved list of searched products. Count: 15
2025-06-05 00:43:57 [TestNG-tests-1] DEBUG com.ecommerce.testcases.SearchProductTest - Number of search results for Top: 15
2025-06-05 00:43:57 [TestNG-tests-1] INFO  com.ecommerce.testcases.SearchProductTest - Search results verified for product: Top
2025-06-05 00:43:57 [TestNG-tests-1] INFO  com.ecommerce.testcases.SearchProductTest - Searching for product: T-shirt
2025-06-05 00:43:57 [TestNG-tests-1] INFO  com.ecommerce.utility.Log - Typed text: T-shirt
2025-06-05 00:43:57 [TestNG-tests-1] INFO  com.ecommerce.pageobjects.SearchProductsPage - Entered product name in search input: T-shirt
2025-06-05 00:43:59 [TestNG-tests-1] INFO  com.ecommerce.utility.Log - Clicked on element: [[EdgeDriver: MicrosoftEdge on mac (b6ff6c49619bc9600756186288a36a3d)] -> id: submit_search]
2025-06-05 00:43:59 [TestNG-tests-1] INFO  com.ecommerce.pageobjects.SearchProductsPage - Clicked on Search button.
2025-06-05 00:43:59 [TestNG-tests-1] INFO  com.ecommerce.pageobjects.SearchProductsPage - 'Searched Products' title visibility: true
2025-06-05 00:43:59 [TestNG-tests-1] INFO  com.ecommerce.testcases.SearchProductTest - 'SEARCHED PRODUCTS' title is visible.
2025-06-05 00:43:59 [TestNG-tests-1] INFO  com.ecommerce.pageobjects.SearchProductsPage - Retrieved list of searched products. Count: 4
2025-06-05 00:43:59 [TestNG-tests-1] DEBUG com.ecommerce.testcases.SearchProductTest - Number of search results for T-shirt: 4
2025-06-05 00:43:59 [TestNG-tests-1] INFO  com.ecommerce.testcases.SearchProductTest - Search results verified for product: T-shirt
2025-06-05 00:43:59 [TestNG-tests-1] INFO  com.ecommerce.testcases.SearchProductTest - Searching for product: Jeans
2025-06-05 00:43:59 [TestNG-tests-1] INFO  com.ecommerce.utility.Log - Typed text: Jeans
2025-06-05 00:43:59 [TestNG-tests-1] INFO  com.ecommerce.pageobjects.SearchProductsPage - Entered product name in search input: Jeans
2025-06-05 00:44:00 [TestNG-tests-1] INFO  com.ecommerce.utility.Log - Clicked on element: [[EdgeDriver: MicrosoftEdge on mac (b6ff6c49619bc9600756186288a36a3d)] -> id: submit_search]
2025-06-05 00:44:00 [TestNG-tests-1] INFO  com.ecommerce.pageobjects.SearchProductsPage - Clicked on Search button.
2025-06-05 00:44:00 [TestNG-tests-1] INFO  com.ecommerce.pageobjects.SearchProductsPage - 'Searched Products' title visibility: true
2025-06-05 00:44:00 [TestNG-tests-1] INFO  com.ecommerce.testcases.SearchProductTest - 'SEARCHED PRODUCTS' title is visible.
2025-06-05 00:44:00 [TestNG-tests-1] INFO  com.ecommerce.pageobjects.SearchProductsPage - Retrieved list of searched products. Count: 4
2025-06-05 00:44:00 [TestNG-tests-1] DEBUG com.ecommerce.testcases.SearchProductTest - Number of search results for Jeans: 4
2025-06-05 00:44:00 [TestNG-tests-1] INFO  com.ecommerce.testcases.SearchProductTest - Search results verified for product: Jeans
2025-06-05 00:44:00 [TestNG-tests-1] INFO  com.ecommerce.testcases.SearchProductTest - ===== Test Passed: searchMultipleProductsTest =====
2025-06-05 00:44:00 [TestNG-tests-1] INFO  com.ecommerce.utility.Log - Closing browser...
2025-06-05 00:44:01 [TestNG-tests-1] INFO  com.ecommerce.utility.Log - Launching browser: edge
2025-06-05 00:44:06 [TestNG-tests-1] INFO  com.ecommerce.utility.Log - Navigated to: https://www.automationexercise.com/
2025-06-05 00:44:06 [TestNG-tests-1] INFO  com.ecommerce.testcases.CartTest - ===== Starting Test: addMultipleProductsToCartTest =====
2025-06-05 00:44:06 [TestNG-tests-1] DEBUG com.ecommerce.testcases.CartTest - Page title: Automation Exercise
2025-06-05 00:44:06 [TestNG-tests-1] INFO  com.ecommerce.testcases.CartTest - Step 1 passed: Home page loaded successfully.
2025-06-05 00:44:06 [TestNG-tests-1] DEBUG com.ecommerce.testcases.CartTest - AddToCartPage object instantiated.
2025-06-05 00:44:09 [TestNG-tests-1] INFO  com.ecommerce.utility.Log - Clicked on element: [[EdgeDriver: MicrosoftEdge on mac (5b0392abbf7acf54d490904dbd70c459)] -> xpath: //a[@href='/products']]
2025-06-05 00:44:09 [TestNG-tests-1] INFO  com.ecommerce.pageobjects.CartPage - Clicked on Products button.
2025-06-05 00:44:09 [TestNG-tests-1] INFO  com.ecommerce.testcases.CartTest - Clicked on Products button.
2025-06-05 00:44:09 [TestNG-tests-1] DEBUG com.ecommerce.testcases.CartTest - Current URL: https://www.automationexercise.com/products
2025-06-05 00:44:09 [TestNG-tests-1] INFO  com.ecommerce.testcases.CartTest - Step 2 passed: Navigated to Products page successfully.
2025-06-05 00:44:09 [TestNG-tests-1] INFO  com.ecommerce.utility.Log - Mouse hovered on element
2025-06-05 00:44:09 [TestNG-tests-1] INFO  com.ecommerce.utility.Log - JS Clicked element
2025-06-05 00:44:09 [TestNG-tests-1] INFO  com.ecommerce.pageobjects.CartPage - First product added to cart.
2025-06-05 00:44:09 [TestNG-tests-1] INFO  com.ecommerce.testcases.CartTest - Step 3 passed: First product added to cart.
2025-06-05 00:44:10 [TestNG-tests-1] INFO  com.ecommerce.utility.Log - Clicked on element: [[EdgeDriver: MicrosoftEdge on mac (5b0392abbf7acf54d490904dbd70c459)] -> xpath: //button[text()='Continue Shopping']]
2025-06-05 00:44:10 [TestNG-tests-1] INFO  com.ecommerce.pageobjects.CartPage - Clicked on Continue Shopping button.
2025-06-05 00:44:10 [TestNG-tests-1] INFO  com.ecommerce.testcases.CartTest - Step 4 passed: Clicked Continue Shopping.
2025-06-05 00:44:10 [TestNG-tests-1] INFO  com.ecommerce.utility.Log - Mouse hovered on element
2025-06-05 00:44:10 [TestNG-tests-1] INFO  com.ecommerce.utility.Log - JS Clicked element
2025-06-05 00:44:10 [TestNG-tests-1] INFO  com.ecommerce.pageobjects.CartPage - Second product added to cart.
2025-06-05 00:44:10 [TestNG-tests-1] INFO  com.ecommerce.testcases.CartTest - Step 5 passed: Second product added to cart.
2025-06-05 00:44:21 [TestNG-tests-1] INFO  com.ecommerce.utility.Log - Clicked on element: Proxy element for: DefaultElementLocator 'By.xpath: //u[text()='View Cart']'
2025-06-05 00:44:21 [TestNG-tests-1] INFO  com.ecommerce.pageobjects.CartPage - Clicked on View Cart button.
2025-06-05 00:44:21 [TestNG-tests-1] INFO  com.ecommerce.testcases.CartTest - Step 6 passed: Clicked View Cart.
2025-06-05 00:44:21 [TestNG-tests-1] INFO  com.ecommerce.pageobjects.CartPage - Retrieved list of cart products. Count: 2
2025-06-05 00:44:21 [TestNG-tests-1] DEBUG com.ecommerce.testcases.CartTest - Number of products in cart: 2
2025-06-05 00:44:21 [TestNG-tests-1] INFO  com.ecommerce.testcases.CartTest - Step 7 passed: Verified both products are added to cart.
2025-06-05 00:44:21 [TestNG-tests-1] INFO  com.ecommerce.pageobjects.CartPage - Retrieved product prices from cart.
2025-06-05 00:44:21 [TestNG-tests-1] INFO  com.ecommerce.pageobjects.CartPage - Retrieved product quantities from cart.
2025-06-05 00:44:21 [TestNG-tests-1] INFO  com.ecommerce.pageobjects.CartPage - Retrieved total prices from cart.
2025-06-05 00:44:21 [TestNG-tests-1] DEBUG com.ecommerce.testcases.CartTest - Product 1: Price = 500, Quantity = 1, Total = 500
2025-06-05 00:44:21 [TestNG-tests-1] DEBUG com.ecommerce.testcases.CartTest - Product 2: Price = 400, Quantity = 1, Total = 400
2025-06-05 00:44:21 [TestNG-tests-1] INFO  com.ecommerce.testcases.CartTest - Step 8 passed: Verified prices, quantities, and total prices for all products.
2025-06-05 00:44:21 [TestNG-tests-1] INFO  com.ecommerce.testcases.CartTest - ===== Test Passed: addMultipleProductsToCartTest =====
2025-06-05 00:44:21 [TestNG-tests-1] INFO  com.ecommerce.utility.Log - Closing browser...
2025-06-05 00:44:23 [TestNG-tests-1] INFO  com.ecommerce.utility.Log - Launching browser: edge
2025-06-05 00:44:27 [TestNG-tests-1] INFO  com.ecommerce.utility.Log - Navigated to: https://www.automationexercise.com/
2025-06-05 00:44:27 [TestNG-tests-1] INFO  com.ecommerce.testcases.CartTest - ===== Starting Test: verifyProductQuantityInCartTest =====
2025-06-05 00:44:27 [TestNG-tests-1] DEBUG com.ecommerce.testcases.CartTest - Page title: Automation Exercise
2025-06-05 00:44:27 [TestNG-tests-1] INFO  com.ecommerce.testcases.CartTest - Step 1 passed: Home page loaded successfully.
2025-06-05 00:44:28 [TestNG-tests-1] INFO  com.ecommerce.utility.Log - JS Clicked element
2025-06-05 00:44:28 [TestNG-tests-1] INFO  com.ecommerce.pageobjects.CartPage - Clicked on 'View Product' for the first product.
2025-06-05 00:44:28 [TestNG-tests-1] INFO  com.ecommerce.testcases.CartTest - Step 2 passed: Clicked on View Product.
2025-06-05 00:44:28 [TestNG-tests-1] INFO  com.ecommerce.utility.Log - Typed text: 4
2025-06-05 00:44:28 [TestNG-tests-1] INFO  com.ecommerce.pageobjects.CartPage - Set product quantity to: 4
2025-06-05 00:44:28 [TestNG-tests-1] INFO  com.ecommerce.testcases.CartTest - Step 3 passed: Set product quantity to 4.
2025-06-05 00:44:29 [TestNG-tests-1] INFO  com.ecommerce.utility.Log - Clicked on element: [[EdgeDriver: MicrosoftEdge on mac (d962ce8b5e6df668357da744a183bee9)] -> xpath: //button[normalize-space()='Add to cart']]
2025-06-05 00:44:29 [TestNG-tests-1] INFO  com.ecommerce.pageobjects.CartPage - Clicked on 'Add to cart' button.
2025-06-05 00:44:29 [TestNG-tests-1] INFO  com.ecommerce.testcases.CartTest - Step 4 passed: Clicked Add to Cart.
2025-06-05 00:44:40 [TestNG-tests-1] INFO  com.ecommerce.utility.Log - Clicked on element: Proxy element for: DefaultElementLocator 'By.xpath: //u[normalize-space()='View Cart']'
2025-06-05 00:44:40 [TestNG-tests-1] INFO  com.ecommerce.pageobjects.CartPage - Clicked on 'View Cart' button.
2025-06-05 00:44:40 [TestNG-tests-1] INFO  com.ecommerce.testcases.CartTest - Step 5 passed: Clicked View Cart.
2025-06-05 00:44:40 [TestNG-tests-1] INFO  com.ecommerce.pageobjects.CartPage - Retrieved product quantity from cart: 4
2025-06-05 00:44:40 [TestNG-tests-1] DEBUG com.ecommerce.testcases.CartTest - Actual quantity in cart: 4
2025-06-05 00:44:40 [TestNG-tests-1] INFO  com.ecommerce.testcases.CartTest - Step 6 passed: Verified product quantity is exactly 4.
2025-06-05 00:44:40 [TestNG-tests-1] INFO  com.ecommerce.testcases.CartTest - ===== Test Passed: verifyProductQuantityInCartTest =====
2025-06-05 00:44:40 [TestNG-tests-1] INFO  com.ecommerce.utility.Log - Closing browser...
2025-06-05 00:44:42 [main] INFO  com.ecommerce.utility.Log - === END SUITE === Automation Test Suite Finished
